<?xml version="1.0" encoding="UTF-8"?>
<!-- Generated by org.testng.reporters.JUnitReportReporter -->
<testsuite skipped="0" hostname="SAMINCHANA" name="SecondMavenProject.SecondMavenProject.ParallelTestExecution" tests="3" failures="0" timestamp="2019-11-28T11:52:26 IST" time="63.836" errors="0">
  <testcase name="ieLaunch" time="6.835" classname="SecondMavenProject.SecondMavenProject.ParallelTestExecution"/>
  <testcase name="chromeNavigationTest" time="30.014" classname="SecondMavenProject.SecondMavenProject.ParallelTestExecution"/>
  <testcase name="firefoxLoginTest" time="26.987" classname="SecondMavenProject.SecondMavenProject.ParallelTestExecution"/>
</testsuite> <!-- SecondMavenProject.SecondMavenProject.ParallelTestExecution -->
