<?xml version="1.0" encoding="UTF-8"?>
<!-- Generated by org.testng.reporters.JUnitReportReporter -->
<testsuite skipped="0" hostname="SAMINCHANA" name="SecondMavenProject.SecondMavenProject.Annotations" tests="3" failures="0" timestamp="2019-11-30T19:19:38 IST" time="0.031" errors="0">
  <testcase name="Test6" time="0.010" classname="SecondMavenProject.SecondMavenProject.Annotations"/>
  <testcase name="Test5" time="0.008" classname="SecondMavenProject.SecondMavenProject.Annotations"/>
  <testcase name="Test7" time="0.013" classname="SecondMavenProject.SecondMavenProject.Annotations"/>
</testsuite> <!-- SecondMavenProject.SecondMavenProject.Annotations -->
