<?xml version="1.0" encoding="UTF-8"?>
<!-- Generated by org.testng.reporters.JUnitReportReporter -->
<testsuite skipped="0" hostname="SAMINCHANA" name="SecondMavenProject.SecondMavenProject.GroupingMethods" tests="5" failures="0" timestamp="2019-11-27T16:48:09 IST" time="0.020" errors="0">
  <testcase name="Test1" time="0.012" classname="SecondMavenProject.SecondMavenProject.GroupingMethods"/>
  <testcase name="Test5" time="0.001" classname="SecondMavenProject.SecondMavenProject.GroupingMethods"/>
  <testcase name="Test3" time="0.002" classname="SecondMavenProject.SecondMavenProject.GroupingMethods"/>
  <testcase name="Test4" time="0.003" classname="SecondMavenProject.SecondMavenProject.GroupingMethods"/>
  <testcase name="Test2" time="0.002" classname="SecondMavenProject.SecondMavenProject.GroupingMethods"/>
</testsuite> <!-- SecondMavenProject.SecondMavenProject.GroupingMethods -->
